app/build/intermediates/manifest_merge_blame_file/debug/manifest-merger-blame-debug-report.txt
1<?xml version="1.0" encoding="utf-8"?>
2<manifest xmlns:android="http://schemas.android.com/apk/res/android"
3    package="com.bitacora.pro"
4    android:versionCode="1"
5    android:versionName="1.0.0" >
6
7    <uses-sdk
8        android:minSdkVersion="26"
9        android:targetSdkVersion="34" />
10
11    <permission
11-->[androidx.core:core:1.12.0] AndroidManifest.xml:22:5-24:47
12        android:name="com.bitacora.pro.DYNAMIC_RECEIVER_NOT_EXPORTED_PERMISSION"
12-->[androidx.core:core:1.12.0] AndroidManifest.xml:23:9-81
13        android:protectionLevel="signature" />
13-->[androidx.core:core:1.12.0] AndroidManifest.xml:24:9-44
14
15    <uses-permission android:name="com.bitacora.pro.DYNAMIC_RECEIVER_NOT_EXPORTED_PERMISSION" />
15-->[androidx.core:core:1.12.0] AndroidManifest.xml:26:5-97
15-->[androidx.core:core:1.12.0] AndroidManifest.xml:26:22-94
16
17    <application
17-->src\main\AndroidManifest.xml:4:5-58:19
18        android:allowBackup="true"
18-->src\main\AndroidManifest.xml:5:9-35
19        android:appComponentFactory="androidx.core.app.CoreComponentFactory"
19-->[androidx.core:core:1.12.0] AndroidManifest.xml:28:18-86
20        android:dataExtractionRules="@xml/data_extraction_rules"
20-->src\main\AndroidManifest.xml:6:9-65
21        android:debuggable="true"
22        android:extractNativeLibs="false"
23        android:fullBackupContent="@xml/backup_rules"
23-->src\main\AndroidManifest.xml:7:9-54
24        android:icon="@mipmap/ic_launcher"
24-->src\main\AndroidManifest.xml:8:9-43
25        android:label="@string/app_name"
25-->src\main\AndroidManifest.xml:9:9-41
26        android:supportsRtl="true"
26-->src\main\AndroidManifest.xml:10:9-35
27        android:testOnly="true"
28        android:theme="@style/Theme.BitacoraPro" >
28-->src\main\AndroidManifest.xml:11:9-49
29        <activity
29-->src\main\AndroidManifest.xml:13:9-56:20
30            android:name="com.bitacora.pro.MainActivity"
30-->src\main\AndroidManifest.xml:14:13-41
31            android:exported="true"
31-->src\main\AndroidManifest.xml:15:13-36
32            android:theme="@style/Theme.BitacoraPro" >
32-->src\main\AndroidManifest.xml:16:13-53
33
34            <!-- Main launcher intent -->
35            <intent-filter>
35-->src\main\AndroidManifest.xml:19:13-22:29
36                <action android:name="android.intent.action.MAIN" />
36-->src\main\AndroidManifest.xml:20:17-69
36-->src\main\AndroidManifest.xml:20:25-66
37
38                <category android:name="android.intent.category.LAUNCHER" />
38-->src\main\AndroidManifest.xml:21:17-77
38-->src\main\AndroidManifest.xml:21:27-74
39            </intent-filter>
40
41            <!-- Share intent filters for single file/text -->
42            <intent-filter>
42-->src\main\AndroidManifest.xml:25:13-29:29
43                <action android:name="android.intent.action.SEND" />
43-->src\main\AndroidManifest.xml:26:17-69
43-->src\main\AndroidManifest.xml:26:25-66
44
45                <category android:name="android.intent.category.DEFAULT" />
45-->src\main\AndroidManifest.xml:27:17-76
45-->src\main\AndroidManifest.xml:27:27-73
46
47                <data android:mimeType="text/plain" />
47-->src\main\AndroidManifest.xml:28:17-55
47-->src\main\AndroidManifest.xml:28:23-52
48            </intent-filter>
49            <intent-filter>
49-->src\main\AndroidManifest.xml:31:13-35:29
50                <action android:name="android.intent.action.SEND" />
50-->src\main\AndroidManifest.xml:26:17-69
50-->src\main\AndroidManifest.xml:26:25-66
51
52                <category android:name="android.intent.category.DEFAULT" />
52-->src\main\AndroidManifest.xml:27:17-76
52-->src\main\AndroidManifest.xml:27:27-73
53
54                <data android:mimeType="image/*" />
54-->src\main\AndroidManifest.xml:28:17-55
54-->src\main\AndroidManifest.xml:28:23-52
55            </intent-filter>
56            <intent-filter>
56-->src\main\AndroidManifest.xml:37:13-41:29
57                <action android:name="android.intent.action.SEND" />
57-->src\main\AndroidManifest.xml:26:17-69
57-->src\main\AndroidManifest.xml:26:25-66
58
59                <category android:name="android.intent.category.DEFAULT" />
59-->src\main\AndroidManifest.xml:27:17-76
59-->src\main\AndroidManifest.xml:27:27-73
60
61                <data android:mimeType="audio/*" />
61-->src\main\AndroidManifest.xml:28:17-55
61-->src\main\AndroidManifest.xml:28:23-52
62            </intent-filter>
63            <intent-filter>
63-->src\main\AndroidManifest.xml:43:13-47:29
64                <action android:name="android.intent.action.SEND" />
64-->src\main\AndroidManifest.xml:26:17-69
64-->src\main\AndroidManifest.xml:26:25-66
65
66                <category android:name="android.intent.category.DEFAULT" />
66-->src\main\AndroidManifest.xml:27:17-76
66-->src\main\AndroidManifest.xml:27:27-73
67
68                <data android:mimeType="application/pdf" />
68-->src\main\AndroidManifest.xml:28:17-55
68-->src\main\AndroidManifest.xml:28:23-52
69            </intent-filter>
70
71            <!-- Share intent filter for multiple files -->
72            <intent-filter>
72-->src\main\AndroidManifest.xml:50:13-54:29
73                <action android:name="android.intent.action.SEND_MULTIPLE" />
73-->src\main\AndroidManifest.xml:51:17-78
73-->src\main\AndroidManifest.xml:51:25-75
74
75                <category android:name="android.intent.category.DEFAULT" />
75-->src\main\AndroidManifest.xml:27:17-76
75-->src\main\AndroidManifest.xml:27:27-73
76
77                <data android:mimeType="image/*" />
77-->src\main\AndroidManifest.xml:28:17-55
77-->src\main\AndroidManifest.xml:28:23-52
78            </intent-filter>
79        </activity>
80
81        <provider
81-->[androidx.emoji2:emoji2:1.4.0] AndroidManifest.xml:24:9-32:20
82            android:name="androidx.startup.InitializationProvider"
82-->[androidx.emoji2:emoji2:1.4.0] AndroidManifest.xml:25:13-67
83            android:authorities="com.bitacora.pro.androidx-startup"
83-->[androidx.emoji2:emoji2:1.4.0] AndroidManifest.xml:26:13-68
84            android:exported="false" >
84-->[androidx.emoji2:emoji2:1.4.0] AndroidManifest.xml:27:13-37
85            <meta-data
85-->[androidx.emoji2:emoji2:1.4.0] AndroidManifest.xml:29:13-31:52
86                android:name="androidx.emoji2.text.EmojiCompatInitializer"
86-->[androidx.emoji2:emoji2:1.4.0] AndroidManifest.xml:30:17-75
87                android:value="androidx.startup" />
87-->[androidx.emoji2:emoji2:1.4.0] AndroidManifest.xml:31:17-49
88            <meta-data
88-->[androidx.lifecycle:lifecycle-process:2.6.2] AndroidManifest.xml:29:13-31:52
89                android:name="androidx.lifecycle.ProcessLifecycleInitializer"
89-->[androidx.lifecycle:lifecycle-process:2.6.2] AndroidManifest.xml:30:17-78
90                android:value="androidx.startup" />
90-->[androidx.lifecycle:lifecycle-process:2.6.2] AndroidManifest.xml:31:17-49
91            <meta-data
91-->[androidx.profileinstaller:profileinstaller:1.3.0] AndroidManifest.xml:29:13-31:52
92                android:name="androidx.profileinstaller.ProfileInstallerInitializer"
92-->[androidx.profileinstaller:profileinstaller:1.3.0] AndroidManifest.xml:30:17-85
93                android:value="androidx.startup" />
93-->[androidx.profileinstaller:profileinstaller:1.3.0] AndroidManifest.xml:31:17-49
94        </provider>
95
96        <activity
96-->[androidx.compose.ui:ui-test-manifest:1.5.3] AndroidManifest.xml:23:9-25:39
97            android:name="androidx.activity.ComponentActivity"
97-->[androidx.compose.ui:ui-test-manifest:1.5.3] AndroidManifest.xml:24:13-63
98            android:exported="true" />
98-->[androidx.compose.ui:ui-test-manifest:1.5.3] AndroidManifest.xml:25:13-36
99        <activity
99-->[androidx.compose.ui:ui-tooling-android:1.5.3] AndroidManifest.xml:23:9-25:39
100            android:name="androidx.compose.ui.tooling.PreviewActivity"
100-->[androidx.compose.ui:ui-tooling-android:1.5.3] AndroidManifest.xml:24:13-71
101            android:exported="true" />
101-->[androidx.compose.ui:ui-tooling-android:1.5.3] AndroidManifest.xml:25:13-36
102
103        <receiver
103-->[androidx.profileinstaller:profileinstaller:1.3.0] AndroidManifest.xml:34:9-52:20
104            android:name="androidx.profileinstaller.ProfileInstallReceiver"
104-->[androidx.profileinstaller:profileinstaller:1.3.0] AndroidManifest.xml:35:13-76
105            android:directBootAware="false"
105-->[androidx.profileinstaller:profileinstaller:1.3.0] AndroidManifest.xml:36:13-44
106            android:enabled="true"
106-->[androidx.profileinstaller:profileinstaller:1.3.0] AndroidManifest.xml:37:13-35
107            android:exported="true"
107-->[androidx.profileinstaller:profileinstaller:1.3.0] AndroidManifest.xml:38:13-36
108            android:permission="android.permission.DUMP" >
108-->[androidx.profileinstaller:profileinstaller:1.3.0] AndroidManifest.xml:39:13-57
109            <intent-filter>
109-->[androidx.profileinstaller:profileinstaller:1.3.0] AndroidManifest.xml:40:13-42:29
110                <action android:name="androidx.profileinstaller.action.INSTALL_PROFILE" />
110-->[androidx.profileinstaller:profileinstaller:1.3.0] AndroidManifest.xml:41:17-91
110-->[androidx.profileinstaller:profileinstaller:1.3.0] AndroidManifest.xml:41:25-88
111            </intent-filter>
112            <intent-filter>
112-->[androidx.profileinstaller:profileinstaller:1.3.0] AndroidManifest.xml:43:13-45:29
113                <action android:name="androidx.profileinstaller.action.SKIP_FILE" />
113-->[androidx.profileinstaller:profileinstaller:1.3.0] AndroidManifest.xml:44:17-85
113-->[androidx.profileinstaller:profileinstaller:1.3.0] AndroidManifest.xml:44:25-82
114            </intent-filter>
115            <intent-filter>
115-->[androidx.profileinstaller:profileinstaller:1.3.0] AndroidManifest.xml:46:13-48:29
116                <action android:name="androidx.profileinstaller.action.SAVE_PROFILE" />
116-->[androidx.profileinstaller:profileinstaller:1.3.0] AndroidManifest.xml:47:17-88
116-->[androidx.profileinstaller:profileinstaller:1.3.0] AndroidManifest.xml:47:25-85
117            </intent-filter>
118            <intent-filter>
118-->[androidx.profileinstaller:profileinstaller:1.3.0] AndroidManifest.xml:49:13-51:29
119                <action android:name="androidx.profileinstaller.action.BENCHMARK_OPERATION" />
119-->[androidx.profileinstaller:profileinstaller:1.3.0] AndroidManifest.xml:50:17-95
119-->[androidx.profileinstaller:profileinstaller:1.3.0] AndroidManifest.xml:50:25-92
120            </intent-filter>
121        </receiver>
122    </application>
123
124</manifest>